0 info it worked if it ends with ok
1 verbose cli [ 'C:\\Program Files (x86)\\nodejs\\\\node.exe',
1 verbose cli   'C:\\Program Files (x86)\\nodejs\\node_modules\\npm\\bin\\npm-cli.js',
1 verbose cli   'install',
1 verbose cli   'mongodb' ]
2 info using npm@2.15.1
3 info using node@v0.12.16
4 verbose install initial load of c:\Meir\ebay\db\package.json
5 verbose readDependencies loading dependencies from c:\Meir\ebay\db\package.json
6 silly cache add args [ 'mongodb', null ]
7 verbose cache add spec mongodb
8 silly cache add parsed spec { raw: 'mongodb',
8 silly cache add   scope: null,
8 silly cache add   name: 'mongodb',
8 silly cache add   rawSpec: '',
8 silly cache add   spec: 'latest',
8 silly cache add   type: 'tag' }
9 silly addNamed mongodb@latest
10 verbose addNamed "latest" is being treated as a dist-tag for mongodb
11 info addNameTag [ 'mongodb', 'latest' ]
12 silly mapToRegistry name mongodb
13 silly mapToRegistry using default registry
14 silly mapToRegistry registry http://registry.npmjs.org/
15 silly mapToRegistry data { raw: 'mongodb',
15 silly mapToRegistry   scope: null,
15 silly mapToRegistry   name: 'mongodb',
15 silly mapToRegistry   rawSpec: '',
15 silly mapToRegistry   spec: 'latest',
15 silly mapToRegistry   type: 'tag' }
16 silly mapToRegistry uri http://registry.npmjs.org/mongodb
17 verbose addNameTag registry:http://registry.npmjs.org/mongodb not in flight; fetching
18 verbose request uri http://registry.npmjs.org/mongodb
19 verbose request no auth needed
20 info attempt registry request try #1 at 11:06:13 PM
21 verbose request id 723349afe6f1b15b
22 http request GET http://registry.npmjs.org/mongodb
23 info retry will retry, error on last attempt: Error: getaddrinfo ENOTFOUND genproxy.amdocs.com
24 info attempt registry request try #2 at 11:06:23 PM
25 http request GET http://registry.npmjs.org/mongodb
26 info retry will retry, error on last attempt: Error: getaddrinfo ENOTFOUND genproxy.amdocs.com
27 info attempt registry request try #3 at 11:07:23 PM
28 http request GET http://registry.npmjs.org/mongodb
29 verbose stack Error: getaddrinfo ENOTFOUND genproxy.amdocs.com
29 verbose stack     at errnoException (dns.js:44:10)
29 verbose stack     at GetAddrInfoReqWrap.onlookup [as oncomplete] (dns.js:94:26)
30 verbose cwd c:\Meir\ebay\db
31 error Windows_NT 6.1.7601
32 error argv "C:\\Program Files (x86)\\nodejs\\\\node.exe" "C:\\Program Files (x86)\\nodejs\\node_modules\\npm\\bin\\npm-cli.js" "install" "mongodb"
33 error node v0.12.16
34 error npm  v2.15.1
35 error code ENOTFOUND
36 error errno ENOTFOUND
37 error syscall getaddrinfo
38 error network getaddrinfo ENOTFOUND genproxy.amdocs.com
38 error network This is most likely not a problem with npm itself
38 error network and is related to network connectivity.
38 error network In most cases you are behind a proxy or have bad network settings.
38 error network
38 error network If you are behind a proxy, please make sure that the
38 error network 'proxy' config is set properly.  See: 'npm help config'
39 verbose exit [ 1, true ]
